TN:
SF:scripts\process-real-data.js
FN:28,processBatch
FN:39,(anonymous_1)
FN:42,(anonymous_2)
FN:80,processDocumentWithChunking
FN:91,(anonymous_4)
FN:133,splitOFWContent
FN:140,(anonymous_6)
FN:148,(anonymous_7)
FN:159,(anonymous_8)
FN:177,(anonymous_9)
FN:190,determineOFWSection
FN:206,combineOFWResults
FN:209,(anonymous_12)
FN:219,(anonymous_13)
FN:244,combineSemanticAnalyses
FN:245,(anonymous_15)
FN:249,(anonymous_16)
FN:250,(anonymous_17)
FN:251,(anonymous_18)
FN:252,(anonymous_19)
FN:256,combineEntityAnalyses
FN:257,(anonymous_21)
FN:262,(anonymous_22)
FN:263,(anonymous_23)
FN:264,(anonymous_24)
FN:266,(anonymous_25)
FN:267,(anonymous_26)
FN:270,(anonymous_27)
FN:271,(anonymous_28)
FN:272,(anonymous_29)
FN:281,combineTimelineAnalyses
FN:282,(anonymous_31)
FN:286,(anonymous_32)
FN:286,(anonymous_33)
FN:290,(anonymous_34)
FN:292,(anonymous_35)
FN:293,(anonymous_36)
FN:297,(anonymous_37)
FN:298,(anonymous_38)
FN:303,(anonymous_39)
FN:311,combineComplexAnalyses
FN:312,(anonymous_41)
FN:316,(anonymous_42)
FN:318,(anonymous_43)
FN:325,(anonymous_44)
FN:325,(anonymous_45)
FN:330,(anonymous_46)
FN:331,(anonymous_47)
FN:339,average
FN:341,(anonymous_49)
FN:347,processRealDataset
FNF:51
FNH:1
FNDA:0,processBatch
FNDA:0,(anonymous_1)
FNDA:0,(anonymous_2)
FNDA:0,processDocumentWithChunking
FNDA:0,(anonymous_4)
FNDA:0,splitOFWContent
FNDA:0,(anonymous_6)
FNDA:0,(anonymous_7)
FNDA:0,(anonymous_8)
FNDA:0,(anonymous_9)
FNDA:0,determineOFWSection
FNDA:0,combineOFWResults
FNDA:0,(anonymous_12)
FNDA:0,(anonymous_13)
FNDA:0,combineSemanticAnalyses
FNDA:0,(anonymous_15)
FNDA:0,(anonymous_16)
FNDA:0,(anonymous_17)
FNDA:0,(anonymous_18)
FNDA:0,(anonymous_19)
FNDA:0,combineEntityAnalyses
FNDA:0,(anonymous_21)
FNDA:0,(anonymous_22)
FNDA:0,(anonymous_23)
FNDA:0,(anonymous_24)
FNDA:0,(anonymous_25)
FNDA:0,(anonymous_26)
FNDA:0,(anonymous_27)
FNDA:0,(anonymous_28)
FNDA:0,(anonymous_29)
FNDA:0,combineTimelineAnalyses
FNDA:0,(anonymous_31)
FNDA:0,(anonymous_32)
FNDA:0,(anonymous_33)
FNDA:0,(anonymous_34)
FNDA:0,(anonymous_35)
FNDA:0,(anonymous_36)
FNDA:0,(anonymous_37)
FNDA:0,(anonymous_38)
FNDA:0,(anonymous_39)
FNDA:0,combineComplexAnalyses
FNDA:0,(anonymous_41)
FNDA:0,(anonymous_42)
FNDA:0,(anonymous_43)
FNDA:0,(anonymous_44)
FNDA:0,(anonymous_45)
FNDA:0,(anonymous_46)
FNDA:0,(anonymous_47)
FNDA:0,average
FNDA:0,(anonymous_49)
FNDA:4,processRealDataset
DA:7,2
DA:10,2
DA:19,2
DA:22,2
DA:23,2
DA:29,0
DA:30,0
DA:32,0
DA:33,0
DA:36,0
DA:39,0
DA:41,0
DA:42,0
DA:46,0
DA:47,0
DA:49,0
DA:51,0
DA:52,0
DA:54,0
DA:58,0
DA:61,0
DA:62,0
DA:64,0
DA:70,0
DA:72,0
DA:73,0
DA:81,0
DA:83,0
DA:85,0
DA:88,0
DA:91,0
DA:93,0
DA:95,0
DA:97,0
DA:102,0
DA:103,0
DA:104,0
DA:105,0
DA:106,0
DA:109,0
DA:117,0
DA:120,0
DA:121,0
DA:123,0
DA:125,0
DA:126,0
DA:134,0
DA:136,0
DA:138,0
DA:140,0
DA:142,0
DA:145,0
DA:147,0
DA:149,0
DA:151,0
DA:153,0
DA:155,0
DA:159,0
DA:160,0
DA:167,0
DA:175,0
DA:177,0
DA:180,0
DA:182,0
DA:183,0
DA:191,0
DA:192,0
DA:194,0
DA:195,0
DA:197,0
DA:198,0
DA:200,0
DA:207,0
DA:209,0
DA:210,0
DA:211,0
DA:213,0
DA:214,0
DA:218,0
DA:219,0
DA:220,0
DA:228,0
DA:238,0
DA:239,0
DA:245,0
DA:246,0
DA:248,0
DA:249,0
DA:250,0
DA:251,0
DA:252,0
DA:257,0
DA:258,0
DA:260,0
DA:262,0
DA:263,0
DA:264,0
DA:266,0
DA:267,0
DA:270,0
DA:271,0
DA:272,0
DA:282,0
DA:283,0
DA:285,0
DA:286,0
DA:287,0
DA:290,0
DA:293,0
DA:294,0
DA:295,0
DA:298,0
DA:299,0
DA:300,0
DA:303,0
DA:312,0
DA:313,0
DA:315,0
DA:316,0
DA:319,0
DA:320,0
DA:325,0
DA:326,0
DA:330,0
DA:331,0
DA:340,0
DA:341,0
DA:348,4
DA:349,4
DA:351,4
DA:352,4
DA:353,4
DA:356,4
DA:360,4
DA:366,4
DA:369,4
DA:374,4
DA:376,0
DA:377,0
LF:139
LH:15
BRDA:11,0,0,2
BRDA:11,0,1,2
BRDA:12,1,0,2
BRDA:12,1,1,2
BRDA:13,2,0,2
BRDA:13,2,1,2
BRDA:14,3,0,2
BRDA:14,3,1,2
BRDA:15,4,0,2
BRDA:15,4,1,2
BRDA:95,5,0,0
BRDA:95,5,1,0
BRDA:95,6,0,0
BRDA:95,6,1,0
BRDA:145,7,0,0
BRDA:145,7,1,0
BRDA:149,8,0,0
BRDA:149,8,1,0
BRDA:149,9,0,0
BRDA:149,9,1,0
BRDA:191,10,0,0
BRDA:191,10,1,0
BRDA:194,11,0,0
BRDA:194,11,1,0
BRDA:197,12,0,0
BRDA:197,12,1,0
BRDA:210,13,0,0
BRDA:210,13,1,0
BRDA:246,14,0,0
BRDA:246,14,1,0
BRDA:249,15,0,0
BRDA:249,15,1,0
BRDA:251,16,0,0
BRDA:251,16,1,0
BRDA:252,17,0,0
BRDA:252,17,1,0
BRDA:258,18,0,0
BRDA:258,18,1,0
BRDA:262,19,0,0
BRDA:262,19,1,0
BRDA:263,20,0,0
BRDA:263,20,1,0
BRDA:264,21,0,0
BRDA:264,21,1,0
BRDA:266,22,0,0
BRDA:266,22,1,0
BRDA:267,23,0,0
BRDA:267,23,1,0
BRDA:270,24,0,0
BRDA:270,24,1,0
BRDA:271,25,0,0
BRDA:271,25,1,0
BRDA:272,26,0,0
BRDA:272,26,1,0
BRDA:283,27,0,0
BRDA:283,27,1,0
BRDA:286,28,0,0
BRDA:286,28,1,0
BRDA:290,29,0,0
BRDA:290,29,1,0
BRDA:293,30,0,0
BRDA:293,30,1,0
BRDA:294,31,0,0
BRDA:294,31,1,0
BRDA:295,32,0,0
BRDA:295,32,1,0
BRDA:298,33,0,0
BRDA:298,33,1,0
BRDA:299,34,0,0
BRDA:299,34,1,0
BRDA:300,35,0,0
BRDA:300,35,1,0
BRDA:303,36,0,0
BRDA:303,36,1,0
BRDA:313,37,0,0
BRDA:313,37,1,0
BRDA:316,38,0,0
BRDA:316,38,1,0
BRDA:319,39,0,0
BRDA:319,39,1,0
BRDA:322,40,0,0
BRDA:322,40,1,0
BRDA:325,41,0,0
BRDA:325,41,1,0
BRDA:330,42,0,0
BRDA:330,42,1,0
BRDA:331,43,0,0
BRDA:331,43,1,0
BRDA:340,44,0,0
BRDA:340,44,1,0
BRDA:357,45,0,4
BRDA:357,45,1,4
BRF:92
BRH:12
end_of_record
TN:
SF:src\services\ai.js
FN:6,setupAI
FN:22,chunkText
FN:67,(anonymous_2)
FN:77,splitLongParagraph
FN:91,analyzeText
FN:100,(anonymous_5)
FN:113,(anonymous_6)
FN:148,mergeChunkResults
FN:151,(anonymous_8)
FN:152,(anonymous_9)
FN:153,(anonymous_10)
FN:154,(anonymous_11)
FN:157,(anonymous_12)
FN:158,(anonymous_13)
FN:159,(anonymous_14)
FN:160,(anonymous_15)
FN:162,(anonymous_16)
FN:163,(anonymous_17)
FN:164,(anonymous_18)
FN:165,(anonymous_19)
FN:169,(anonymous_20)
FN:170,(anonymous_21)
FN:171,(anonymous_22)
FN:174,(anonymous_23)
FN:176,(anonymous_24)
FN:177,(anonymous_25)
FN:178,(anonymous_26)
FN:183,(anonymous_27)
FN:183,(anonymous_28)
FN:187,(anonymous_29)
FN:188,(anonymous_30)
FN:192,(anonymous_31)
FN:194,(anonymous_32)
FN:201,(anonymous_33)
FN:201,(anonymous_34)
FN:206,(anonymous_35)
FN:207,(anonymous_36)
FN:216,mergeEntities
FN:224,(anonymous_38)
FN:246,mergeRelationships
FN:249,(anonymous_40)
FN:260,average
FN:262,(anonymous_42)
FN:268,analyzeComplex
FN:312,analyzeSemantic
FN:353,analyzeDocument
FN:405,analyzeTimeline
FN:443,generateText
FN:486,extractDeepEntities
FN:520,summarizeText
FNF:50
FNH:8
FNDA:2,setupAI
FNDA:22,chunkText
FNDA:24,(anonymous_2)
FNDA:0,splitLongParagraph
FNDA:58,analyzeText
FNDA:69,(anonymous_5)
FNDA:69,(anonymous_6)
FNDA:0,mergeChunkResults
FNDA:0,(anonymous_8)
FNDA:0,(anonymous_9)
FNDA:0,(anonymous_10)
FNDA:0,(anonymous_11)
FNDA:0,(anonymous_12)
FNDA:0,(anonymous_13)
FNDA:0,(anonymous_14)
FNDA:0,(anonymous_15)
FNDA:0,(anonymous_16)
FNDA:0,(anonymous_17)
FNDA:0,(anonymous_18)
FNDA:0,(anonymous_19)
FNDA:0,(anonymous_20)
FNDA:0,(anonymous_21)
FNDA:0,(anonymous_22)
FNDA:0,(anonymous_23)
FNDA:0,(anonymous_24)
FNDA:0,(anonymous_25)
FNDA:0,(anonymous_26)
FNDA:0,(anonymous_27)
FNDA:0,(anonymous_28)
FNDA:0,(anonymous_29)
FNDA:0,(anonymous_30)
FNDA:0,(anonymous_31)
FNDA:0,(anonymous_32)
FNDA:0,(anonymous_33)
FNDA:0,(anonymous_34)
FNDA:0,(anonymous_35)
FNDA:0,(anonymous_36)
FNDA:0,mergeEntities
FNDA:0,(anonymous_38)
FNDA:0,mergeRelationships
FNDA:0,(anonymous_40)
FNDA:0,average
FNDA:0,(anonymous_42)
FNDA:0,analyzeComplex
FNDA:0,analyzeSemantic
FNDA:0,analyzeDocument
FNDA:0,analyzeTimeline
FNDA:2,generateText
FNDA:0,extractDeepEntities
FNDA:1,summarizeText
DA:4,7
DA:7,2
DA:8,2
DA:9,2
DA:11,0
DA:12,0
DA:17,7
DA:24,22
DA:25,22
DA:27,22
DA:28,10
DA:29,10
DA:33,12
DA:34,12
DA:35,12
DA:36,12
DA:37,12
DA:39,12
DA:40,18480
DA:42,18480
DA:43,12
DA:44,12
DA:45,12
DA:46,12
DA:47,12
DA:50,0
DA:51,0
DA:52,0
DA:53,0
DA:56,18468
DA:57,18468
DA:61,12
DA:62,12
DA:63,12
DA:66,12
DA:67,12
DA:68,24
DA:71,12
DA:78,0
DA:79,0
DA:81,0
DA:82,0
DA:85,0
DA:92,58
DA:93,58
DA:96,58
DA:97,57
DA:100,57
DA:101,69
DA:109,69
DA:113,69
DA:121,57
DA:130,57
DA:140,1
DA:141,1
DA:149,0
DA:151,0
DA:152,0
DA:153,0
DA:154,0
DA:157,0
DA:158,0
DA:159,0
DA:160,0
DA:162,0
DA:163,0
DA:164,0
DA:165,0
DA:169,0
DA:170,0
DA:171,0
DA:174,0
DA:176,0
DA:177,0
DA:178,0
DA:183,0
DA:184,0
DA:187,0
DA:188,0
DA:192,0
DA:195,0
DA:196,0
DA:201,0
DA:202,0
DA:206,0
DA:207,0
DA:217,0
DA:223,0
DA:224,0
DA:225,0
DA:227,0
DA:228,0
DA:229,0
DA:230,0
DA:231,0
DA:233,0
DA:237,0
DA:240,0
DA:247,0
DA:248,0
DA:249,0
DA:250,0
DA:251,0
DA:252,0
DA:253,0
DA:261,0
DA:262,0
DA:269,0
DA:270,0
DA:273,0
DA:280,0
DA:292,0
DA:304,0
DA:305,0
DA:313,0
DA:314,0
DA:317,0
DA:324,0
DA:333,0
DA:345,0
DA:346,0
DA:354,0
DA:355,0
DA:358,0
DA:361,0
DA:368,0
DA:375,0
DA:381,0
DA:397,0
DA:398,0
DA:406,0
DA:407,0
DA:410,0
DA:417,0
DA:426,0
DA:435,0
DA:436,0
DA:444,2
DA:445,2
DA:448,2
DA:458,0
DA:470,0
DA:478,2
DA:479,2
DA:487,0
DA:488,0
DA:490,0
DA:499,0
DA:512,0
DA:513,0
DA:521,1
DA:522,1
DA:524,1
DA:533,1
DA:540,0
DA:541,0
LF:156
LH:53
BRDA:22,0,0,22
BRDA:27,1,0,10
BRDA:27,1,1,12
BRDA:42,2,0,12
BRDA:42,2,1,18468
BRDA:43,3,0,12
BRDA:43,3,1,0
BRDA:56,4,0,18456
BRDA:56,4,1,12
BRDA:61,5,0,12
BRDA:61,5,1,0
BRDA:91,6,0,9
BRDA:96,7,0,22
BRDA:96,7,1,35
BRDA:114,8,0,69
BRDA:114,8,1,69
BRDA:115,9,0,69
BRDA:115,9,1,0
BRDA:116,10,0,69
BRDA:116,10,1,69
BRDA:117,11,0,69
BRDA:117,11,1,69
BRDA:126,12,0,57
BRDA:126,12,1,53
BRDA:183,13,0,0
BRDA:183,13,1,0
BRDA:187,14,0,0
BRDA:187,14,1,0
BRDA:188,15,0,0
BRDA:188,15,1,0
BRDA:192,16,0,0
BRDA:192,16,1,0
BRDA:195,17,0,0
BRDA:195,17,1,0
BRDA:198,18,0,0
BRDA:198,18,1,0
BRDA:201,19,0,0
BRDA:201,19,1,0
BRDA:206,20,0,0
BRDA:206,20,1,0
BRDA:207,21,0,0
BRDA:207,21,1,0
BRDA:224,22,0,0
BRDA:224,22,1,0
BRDA:229,23,0,0
BRDA:229,23,1,0
BRDA:251,24,0,0
BRDA:251,24,1,0
BRDA:261,25,0,0
BRDA:261,25,1,0
BRDA:268,26,0,0
BRDA:293,27,0,0
BRDA:293,27,1,0
BRDA:294,28,0,0
BRDA:294,28,1,0
BRDA:299,29,0,0
BRDA:299,29,1,0
BRDA:300,30,0,0
BRDA:300,30,1,0
BRDA:312,31,0,0
BRDA:353,32,0,0
BRDA:405,33,0,0
BRDA:427,34,0,0
BRDA:427,34,1,0
BRDA:429,35,0,0
BRDA:429,35,1,0
BRDA:430,36,0,0
BRDA:430,36,1,0
BRDA:443,37,0,2
BRDA:486,38,0,0
BRDA:500,39,0,0
BRDA:500,39,1,0
BRDA:501,40,0,0
BRDA:501,40,1,0
BRDA:502,41,0,0
BRDA:502,41,1,0
BRDA:503,42,0,0
BRDA:503,42,1,0
BRDA:520,43,0,1
BRF:79
BRH:23
end_of_record
TN:
SF:src\services\document-analyzer.js
FN:8,analyzeDocument
FNF:1
FNH:1
FNDA:13,analyzeDocument
DA:3,6
DA:9,13
DA:10,13
DA:13,13
DA:40,0
DA:41,0
LF:6
LH:4
BRF:0
BRH:0
end_of_record
TN:
SF:src\services\document-processing.js
FN:13,processDocument
FN:29,(anonymous_1)
FN:134,calculateEfficiency
FN:159,estimateTokenCount
FNF:4
FNH:3
FNDA:12,processDocument
FNDA:2,(anonymous_1)
FNDA:12,calculateEfficiency
FNDA:0,estimateTokenCount
DA:8,4
DA:14,12
DA:15,12
DA:18,12
DA:21,12
DA:24,12
DA:25,0
DA:29,12
DA:30,2
DA:34,12
DA:37,12
DA:38,12
DA:41,12
DA:46,12
DA:49,12
DA:55,12
DA:58,12
DA:73,12
DA:80,12
DA:81,12
DA:84,12
DA:117,12
DA:123,12
DA:126,0
DA:127,0
DA:135,12
DA:136,12
DA:137,12
DA:138,12
DA:139,12
DA:141,12
DA:147,0
DA:148,0
DA:160,0
LF:34
LH:28
BRDA:13,0,0,12
BRDA:19,1,0,0
BRDA:19,1,1,12
BRDA:24,2,0,0
BRDA:24,2,1,12
BRDA:60,3,0,12
BRDA:60,3,1,12
BRDA:61,4,0,12
BRDA:61,4,1,0
BRDA:62,5,0,12
BRDA:62,5,1,12
BRDA:63,6,0,12
BRDA:63,6,1,0
BRDA:74,7,0,12
BRDA:74,7,1,12
BRDA:75,8,0,12
BRDA:75,8,1,12
BRDA:76,9,0,12
BRDA:76,9,1,0
BRDA:80,10,0,12
BRDA:80,10,1,12
BRDA:86,11,0,12
BRDA:86,11,1,12
BRDA:87,12,0,12
BRDA:87,12,1,0
BRDA:89,13,0,12
BRDA:89,13,1,12
BRDA:100,14,0,12
BRDA:100,14,1,0
BRDA:102,15,0,12
BRDA:102,15,1,12
BRDA:103,16,0,12
BRDA:103,16,1,12
BRDA:104,17,0,12
BRDA:104,17,1,0
BRDA:106,18,0,12
BRDA:106,18,1,0
BRDA:110,19,0,12
BRDA:110,19,1,12
BRDA:111,20,0,12
BRDA:111,20,1,12
BRDA:112,21,0,12
BRDA:112,21,1,12
BRDA:113,22,0,12
BRDA:113,22,1,0
BRDA:136,23,0,12
BRDA:136,23,1,0
BRDA:137,24,0,12
BRDA:137,24,1,0
BRDA:139,25,0,12
BRDA:139,25,1,0
BRF:51
BRH:38
end_of_record
TN:
SF:src\services\document-router.js
FN:8,routeDocument
FNF:1
FNH:1
FNDA:1,routeDocument
DA:9,1
DA:10,1
DA:13,1
DA:14,1
DA:18,1
DA:19,0
DA:20,0
DA:21,0
DA:23,0
DA:24,0
DA:27,0
DA:28,0
DA:36,0
DA:53,1
DA:54,1
LF:15
LH:7
BRDA:8,0,0,0
BRDA:18,1,0,0
BRDA:18,1,1,0
BRDA:19,2,0,0
BRDA:19,2,1,0
BRDA:41,3,0,0
BRDA:41,3,1,0
BRDA:43,4,0,0
BRDA:43,4,1,0
BRF:9
BRH:0
end_of_record
TN:
SF:src\services\email-processing.js
FN:10,processEmail
FN:48,(anonymous_1)
FN:93,extractTimeline
FN:99,(anonymous_3)
FN:111,(anonymous_4)
FN:123,analyzeComplexPatterns
FN:130,(anonymous_6)
FN:136,(anonymous_7)
FN:151,(anonymous_8)
FN:155,(anonymous_9)
FN:177,extractDates
FN:213,(anonymous_11)
FN:222,(anonymous_12)
FN:232,(anonymous_13)
FN:243,(anonymous_14)
FN:282,(anonymous_15)
FN:289,(anonymous_16)
FN:307,(anonymous_17)
FN:334,(anonymous_18)
FN:350,(anonymous_19)
FN:358,(anonymous_20)
FN:369,parseEmailThread
FN:391,(anonymous_22)
FN:407,(anonymous_23)
FN:428,(anonymous_24)
FN:442,(anonymous_25)
FN:513,(anonymous_26)
FN:518,(anonymous_27)
FN:543,extractThreadParticipants
FN:564,(anonymous_29)
FN:606,extractNameAndEmail
FN:653,(anonymous_31)
FN:664,(anonymous_32)
FN:672,extractName
FNF:34
FNH:13
FNDA:1,processEmail
FNDA:1,(anonymous_1)
FNDA:1,extractTimeline
FNDA:0,(anonymous_3)
FNDA:0,(anonymous_4)
FNDA:1,analyzeComplexPatterns
FNDA:0,(anonymous_6)
FNDA:0,(anonymous_7)
FNDA:0,(anonymous_8)
FNDA:0,(anonymous_9)
FNDA:1,extractDates
FNDA:0,(anonymous_11)
FNDA:0,(anonymous_12)
FNDA:0,(anonymous_13)
FNDA:0,(anonymous_14)
FNDA:1,(anonymous_15)
FNDA:4,(anonymous_16)
FNDA:0,(anonymous_17)
FNDA:0,(anonymous_18)
FNDA:0,(anonymous_19)
FNDA:0,(anonymous_20)
FNDA:1,parseEmailThread
FNDA:5,(anonymous_22)
FNDA:0,(anonymous_23)
FNDA:0,(anonymous_24)
FNDA:1,(anonymous_25)
FNDA:0,(anonymous_26)
FNDA:1,(anonymous_27)
FNDA:1,extractThreadParticipants
FNDA:1,(anonymous_29)
FNDA:0,extractNameAndEmail
FNDA:0,(anonymous_31)
FNDA:0,(anonymous_32)
FNDA:0,extractName
DA:5,1
DA:11,1
DA:12,1
DA:15,1
DA:18,1
DA:19,1
DA:22,1
DA:23,0
DA:27,1
DA:28,0
DA:32,1
DA:48,1
DA:49,1
DA:53,1
DA:81,1
DA:82,1
DA:85,0
DA:86,0
DA:94,1
DA:95,1
DA:98,1
DA:99,0
DA:100,0
DA:101,0
DA:111,0
DA:113,0
DA:115,1
DA:116,1
DA:124,1
DA:125,1
DA:128,1
DA:129,0
DA:130,0
DA:131,0
DA:132,0
DA:136,0
DA:137,0
DA:138,0
DA:149,0
DA:150,0
DA:151,0
DA:152,0
DA:155,0
DA:156,0
DA:157,0
DA:167,0
DA:169,1
DA:170,1
DA:178,1
DA:179,1
DA:182,1
DA:183,1
DA:184,0
DA:185,0
DA:186,0
DA:197,1
DA:202,1
DA:203,1
DA:204,1
DA:205,1
DA:206,1
DA:208,1
DA:214,0
DA:215,0
DA:223,0
DA:224,0
DA:225,0
DA:233,0
DA:234,0
DA:235,0
DA:236,0
DA:244,0
DA:245,0
DA:249,0
DA:250,0
DA:251,0
DA:252,0
DA:253,0
DA:258,0
DA:259,0
DA:260,0
DA:261,0
DA:266,0
DA:267,0
DA:268,0
DA:269,0
DA:273,0
DA:274,0
DA:275,0
DA:276,0
DA:282,1
DA:284,1
DA:287,1
DA:289,1
DA:291,4
DA:292,4
DA:294,0
DA:296,0
DA:297,0
DA:302,0
DA:303,0
DA:304,0
DA:305,0
DA:307,0
DA:308,0
DA:309,0
DA:317,0
DA:322,0
DA:334,1
DA:343,1
DA:344,0
DA:346,1
DA:349,1
DA:350,1
DA:351,0
DA:352,0
DA:357,1
DA:358,0
DA:361,0
DA:362,0
DA:370,1
DA:371,1
DA:373,1
DA:374,1
DA:383,1
DA:384,1
DA:387,1
DA:391,1
DA:392,5
DA:393,5
DA:394,5
DA:395,0
DA:396,0
DA:401,1
DA:402,1
DA:403,0
DA:407,1
DA:410,1
DA:411,1
DA:414,0
DA:415,0
DA:416,0
DA:420,0
DA:421,0
DA:422,0
DA:423,0
DA:426,0
DA:427,0
DA:428,0
DA:429,0
DA:430,0
DA:435,0
DA:436,0
DA:442,1
DA:443,1
DA:444,1
DA:447,1
DA:448,1
DA:449,1
DA:450,1
DA:451,1
DA:452,1
DA:455,1
DA:456,2
DA:457,2
DA:459,2
DA:460,0
DA:461,0
DA:463,0
DA:464,0
DA:465,0
DA:466,2
DA:467,1
DA:468,0
DA:470,1
DA:471,1
DA:472,1
DA:473,0
DA:474,1
DA:475,0
DA:476,0
DA:478,0
DA:479,0
DA:484,1
DA:485,0
DA:489,1
DA:492,1
DA:493,1
DA:503,1
DA:504,0
DA:513,1
DA:516,1
DA:518,1
DA:535,0
DA:536,0
DA:544,1
DA:545,1
DA:546,1
DA:549,1
DA:550,1
DA:551,1
DA:552,0
DA:553,0
DA:554,0
DA:556,1
DA:557,0
DA:558,0
DA:559,0
DA:564,1
DA:565,1
DA:566,1
DA:568,1
DA:569,0
DA:570,0
DA:577,0
DA:578,0
DA:579,0
DA:582,1
DA:583,0
DA:584,0
DA:591,0
DA:592,0
DA:593,0
DA:597,1
DA:607,0
DA:609,0
DA:642,0
DA:643,0
DA:644,0
DA:645,0
DA:646,0
DA:649,0
DA:650,0
DA:651,0
DA:653,0
DA:656,0
DA:661,0
DA:664,0
DA:673,0
LF:239
LH:103
BRDA:22,0,0,0
BRDA:22,0,1,1
BRDA:27,1,0,0
BRDA:27,1,1,1
BRDA:62,2,0,1
BRDA:62,2,1,1
BRDA:98,3,0,0
BRDA:98,3,1,0
BRDA:98,4,0,1
BRDA:98,4,1,0
BRDA:100,5,0,0
BRDA:100,5,1,0
BRDA:100,6,0,0
BRDA:100,6,1,0
BRDA:128,7,0,0
BRDA:128,7,1,0
BRDA:131,8,0,0
BRDA:131,8,1,0
BRDA:132,9,0,0
BRDA:132,9,1,0
BRDA:137,10,0,0
BRDA:137,10,1,0
BRDA:149,11,0,0
BRDA:149,11,1,0
BRDA:152,12,0,0
BRDA:152,12,1,0
BRDA:156,13,0,0
BRDA:156,13,1,0
BRDA:177,14,0,1
BRDA:183,15,0,0
BRDA:183,15,1,1
BRDA:185,16,0,0
BRDA:185,16,1,0
BRDA:224,17,0,0
BRDA:224,17,1,0
BRDA:235,18,0,0
BRDA:235,18,1,0
BRDA:251,19,0,0
BRDA:251,19,1,0
BRDA:259,20,0,0
BRDA:259,20,1,0
BRDA:267,21,0,0
BRDA:267,21,1,0
BRDA:273,22,0,0
BRDA:273,22,1,0
BRDA:273,23,0,0
BRDA:273,23,1,0
BRDA:273,23,2,0
BRDA:275,24,0,0
BRDA:275,24,1,0
BRDA:294,25,0,0
BRDA:294,25,1,0
BRDA:304,26,0,0
BRDA:304,26,1,0
BRDA:308,27,0,0
BRDA:308,27,1,0
BRDA:308,28,0,0
BRDA:308,28,1,0
BRDA:308,29,0,0
BRDA:308,29,1,0
BRDA:315,30,0,0
BRDA:315,30,1,0
BRDA:343,31,0,0
BRDA:343,31,1,1
BRDA:351,32,0,0
BRDA:351,32,1,0
BRDA:351,33,0,0
BRDA:351,33,1,0
BRDA:403,34,0,0
BRDA:403,34,1,0
BRDA:410,35,0,1
BRDA:410,35,1,0
BRDA:414,36,0,0
BRDA:414,36,1,0
BRDA:416,37,0,0
BRDA:416,37,1,0
BRDA:422,38,0,0
BRDA:422,38,1,0
BRDA:427,39,0,0
BRDA:427,39,1,0
BRDA:429,40,0,0
BRDA:429,40,1,0
BRDA:435,41,0,0
BRDA:435,41,1,0
BRDA:435,42,0,0
BRDA:435,42,1,0
BRDA:444,43,0,0
BRDA:444,43,1,1
BRDA:455,44,0,3
BRDA:455,44,1,3
BRDA:459,45,0,0
BRDA:459,45,1,2
BRDA:460,46,0,0
BRDA:460,46,1,0
BRDA:466,47,0,1
BRDA:466,47,1,1
BRDA:467,48,0,0
BRDA:467,48,1,1
BRDA:472,49,0,0
BRDA:472,49,1,1
BRDA:472,50,0,1
BRDA:472,50,1,0
BRDA:474,51,0,0
BRDA:474,51,1,1
BRDA:474,52,0,1
BRDA:474,52,1,1
BRDA:475,53,0,0
BRDA:475,53,1,0
BRDA:484,54,0,0
BRDA:484,54,1,1
BRDA:492,55,0,1
BRDA:492,55,1,0
BRDA:492,56,0,1
BRDA:492,56,1,0
BRDA:492,56,2,1
BRDA:492,56,3,1
BRDA:494,57,0,0
BRDA:494,57,1,1
BRDA:494,58,0,1
BRDA:494,58,1,0
BRDA:497,59,0,0
BRDA:497,59,1,1
BRDA:503,60,0,0
BRDA:503,60,1,1
BRDA:503,61,0,1
BRDA:503,61,1,0
BRDA:517,62,0,1
BRDA:517,62,1,1
BRDA:549,63,0,1
BRDA:549,63,1,0
BRDA:551,64,0,0
BRDA:551,64,1,1
BRDA:556,65,0,0
BRDA:556,65,1,1
BRDA:568,66,0,0
BRDA:568,66,1,1
BRDA:570,67,0,0
BRDA:570,67,1,0
BRDA:573,68,0,0
BRDA:573,68,1,0
BRDA:582,69,0,0
BRDA:582,69,1,1
BRDA:584,70,0,0
BRDA:584,70,1,0
BRDA:587,71,0,0
BRDA:587,71,1,0
BRDA:607,72,0,0
BRDA:607,72,1,0
BRDA:644,73,0,0
BRDA:644,73,1,0
BRDA:646,74,0,0
BRDA:646,74,1,0
BRDA:649,75,0,0
BRDA:649,75,1,0
BRF:154
BRH:38
end_of_record
TN:
SF:src\services\local-storage.js
FN:12,(anonymous_0)
FN:18,setupStorage
FN:28,createFolder
FN:50,uploadFile
FN:82,downloadFile
FN:108,listFiles
FN:117,(anonymous_6)
FN:118,(anonymous_7)
FN:143,deleteFile
FN:167,searchFiles
FN:172,(anonymous_10)
FN:175,(anonymous_11)
FN:176,(anonymous_12)
FNF:13
FNH:4
FNDA:4,(anonymous_0)
FNDA:2,setupStorage
FNDA:2,createFolder
FNDA:2,uploadFile
FNDA:0,downloadFile
FNDA:0,listFiles
FNDA:0,(anonymous_6)
FNDA:0,(anonymous_7)
FNDA:0,deleteFile
FNDA:0,searchFiles
FNDA:0,(anonymous_10)
FNDA:0,(anonymous_11)
FNDA:0,(anonymous_12)
DA:5,2
DA:8,2
DA:9,2
DA:12,2
DA:13,4
DA:14,0
DA:19,2
DA:20,2
DA:21,2
DA:23,0
DA:24,0
DA:29,2
DA:30,2
DA:31,2
DA:33,2
DA:35,2
DA:41,0
DA:46,0
DA:51,2
DA:52,2
DA:53,2
DA:56,2
DA:59,2
DA:61,2
DA:66,2
DA:73,0
DA:78,0
DA:83,0
DA:85,0
DA:86,0
DA:87,0
DA:90,0
DA:91,0
DA:94,0
DA:95,0
DA:97,0
DA:99,0
DA:104,0
DA:109,0
DA:110,0
DA:112,0
DA:113,0
DA:116,0
DA:117,0
DA:118,0
DA:127,0
DA:132,0
DA:134,0
DA:139,0
DA:144,0
DA:146,0
DA:147,0
DA:148,0
DA:151,0
DA:152,0
DA:155,0
DA:156,0
DA:158,0
DA:163,0
DA:168,0
DA:169,0
DA:172,0
DA:173,0
DA:174,0
DA:175,0
DA:176,0
DA:183,0
DA:187,0
DA:192,0
DA:194,0
DA:199,0
LF:71
LH:20
BRDA:13,0,0,0
BRDA:13,0,1,4
BRDA:50,1,0,0
BRDA:52,2,0,2
BRDA:52,2,1,0
BRDA:86,3,0,0
BRDA:86,3,1,0
BRDA:90,4,0,0
BRDA:90,4,1,0
BRDA:108,5,0,0
BRDA:108,6,0,0
BRDA:110,7,0,0
BRDA:110,7,1,0
BRDA:112,8,0,0
BRDA:112,8,1,0
BRDA:147,9,0,0
BRDA:147,9,1,0
BRDA:151,10,0,0
BRDA:151,10,1,0
BRDA:167,11,0,0
BRDA:173,12,0,0
BRDA:173,12,1,0
BRF:22
BRH:2
end_of_record
TN:
SF:src\services\monitoring.js
FN:15,getMetrics
FN:28,(anonymous_1)
FN:30,(anonymous_2)
FN:38,(anonymous_3)
FN:40,(anonymous_4)
FN:41,(anonymous_5)
FN:47,(anonymous_6)
FN:50,(anonymous_7)
FN:61,trackProcessingTime
FN:80,trackBatch
FN:102,trackQueueLength
FN:121,trackError
FN:137,trackParsingResult
FN:162,trackModelUsage
FNF:14
FNH:1
FNDA:0,getMetrics
FNDA:0,(anonymous_1)
FNDA:0,(anonymous_2)
FNDA:0,(anonymous_3)
FNDA:0,(anonymous_4)
FNDA:0,(anonymous_5)
FNDA:0,(anonymous_6)
FNDA:0,(anonymous_7)
FNDA:4,trackProcessingTime
FNDA:0,trackBatch
FNDA:0,trackQueueLength
FNDA:0,trackError
FNDA:0,trackParsingResult
FNDA:0,trackModelUsage
DA:3,2
DA:6,2
DA:16,0
DA:28,0
DA:29,0
DA:30,0
DA:38,0
DA:39,0
DA:40,0
DA:41,0
DA:47,0
DA:48,0
DA:50,0
DA:55,0
DA:62,4
DA:63,4
DA:64,2
DA:66,4
DA:68,4
DA:73,0
DA:81,0
DA:82,0
DA:83,0
DA:85,0
DA:86,0
DA:87,0
DA:89,0
DA:95,0
DA:103,0
DA:104,0
DA:105,0
DA:107,0
DA:109,0
DA:114,0
DA:122,0
DA:123,0
DA:130,0
DA:138,0
DA:139,0
DA:140,0
DA:142,0
DA:150,0
DA:155,0
DA:163,0
DA:164,0
DA:165,0
DA:167,0
DA:174,0
DA:180,0
LF:49
LH:7
BRDA:63,0,0,2
BRDA:63,0,1,2
BRDA:82,1,0,0
BRDA:82,1,1,0
BRDA:104,2,0,0
BRDA:104,2,1,0
BRDA:121,3,0,0
BRDA:137,4,0,0
BRDA:139,5,0,0
BRDA:139,5,1,0
BRDA:164,6,0,0
BRDA:164,6,1,0
BRF:12
BRH:2
end_of_record
TN:
SF:src\services\ofw-processing.js
FN:13,(anonymous_0)
FN:28,(anonymous_1)
FN:42,(anonymous_2)
FN:45,(anonymous_3)
FN:58,(anonymous_4)
FN:73,(anonymous_5)
FN:91,(anonymous_6)
FN:104,(anonymous_7)
FN:155,(anonymous_8)
FN:211,(anonymous_9)
FN:231,(anonymous_10)
FN:232,(anonymous_11)
FN:258,determineCustodyType
FN:282,determineEventType
FN:307,extractOriginalSchedule
FN:328,extractNewSchedule
FN:349,determineScheduleImpact
FN:373,determineRole
FN:411,determineParticipantRole
FN:434,determineRelationship
FN:449,extractName
FN:457,analyzeSchedulePatterns
FN:471,(anonymous_22)
FN:486,(anonymous_23)
FN:506,analyzeCompliance
FN:522,(anonymous_25)
FN:536,(anonymous_26)
FN:571,(anonymous_27)
FN:595,determineSeverity
FN:613,determineCommunicationImpact
FN:650,processOFW
FN:706,processOFWEmail
FN:737,(anonymous_32)
FNF:33
FNH:17
FNDA:9,(anonymous_0)
FNDA:9,(anonymous_1)
FNDA:9,(anonymous_2)
FNDA:27,(anonymous_3)
FNDA:0,(anonymous_4)
FNDA:7,(anonymous_5)
FNDA:0,(anonymous_6)
FNDA:7,(anonymous_7)
FNDA:8,(anonymous_8)
FNDA:7,(anonymous_9)
FNDA:0,(anonymous_10)
FNDA:0,(anonymous_11)
FNDA:6,determineCustodyType
FNDA:0,determineEventType
FNDA:0,extractOriginalSchedule
FNDA:0,extractNewSchedule
FNDA:0,determineScheduleImpact
FNDA:45,determineRole
FNDA:15,determineParticipantRole
FNDA:17,determineRelationship
FNDA:29,extractName
FNDA:0,analyzeSchedulePatterns
FNDA:0,(anonymous_22)
FNDA:0,(anonymous_23)
FNDA:6,analyzeCompliance
FNDA:0,(anonymous_25)
FNDA:0,(anonymous_26)
FNDA:0,(anonymous_27)
FNDA:0,determineSeverity
FNDA:0,determineCommunicationImpact
FNDA:1,processOFW
FNDA:8,processOFWEmail
FNDA:26,(anonymous_32)
DA:4,4
DA:9,4
DA:14,9
DA:15,9
DA:18,9
DA:19,18
DA:22,9
DA:29,9
DA:31,9
DA:32,15
DA:33,9
DA:36,0
DA:43,9
DA:44,9
DA:45,27
DA:47,9
DA:59,0
DA:60,0
DA:74,7
DA:75,7
DA:76,7
DA:79,7
DA:80,0
DA:81,0
DA:87,0
DA:88,0
DA:89,0
DA:91,0
DA:98,7
DA:105,7
DA:106,7
DA:125,7
DA:127,28
DA:128,0
DA:133,0
DA:134,0
DA:136,0
DA:137,0
DA:149,7
DA:156,8
DA:159,8
DA:160,7
DA:162,7
DA:171,7
DA:181,7
DA:186,7
DA:188,14
DA:189,17
DA:190,17
DA:191,0
DA:193,17
DA:194,17
DA:205,7
DA:212,7
DA:213,7
DA:229,7
DA:230,0
DA:231,0
DA:232,0
DA:240,6
DA:241,0
DA:245,6
DA:247,6
DA:249,1
DA:250,1
DA:259,6
DA:262,6
DA:263,6
DA:267,0
DA:268,0
DA:272,0
DA:273,0
DA:276,0
DA:283,0
DA:285,0
DA:286,0
DA:289,0
DA:290,0
DA:293,0
DA:294,0
DA:297,0
DA:298,0
DA:301,0
DA:308,0
DA:315,0
DA:316,0
DA:317,0
DA:318,0
DA:322,0
DA:329,0
DA:336,0
DA:337,0
DA:338,0
DA:339,0
DA:343,0
DA:351,0
DA:354,0
DA:357,0
DA:360,0
DA:362,0
DA:374,45
DA:375,45
DA:376,45
DA:380,45
DA:381,29
DA:383,29
DA:384,2
DA:385,2
DA:387,27
DA:388,0
DA:389,0
DA:391,27
DA:392,0
DA:393,0
DA:395,27
DA:396,0
DA:397,0
DA:399,27
DA:400,0
DA:401,0
DA:405,45
DA:412,15
DA:413,14
DA:415,14
DA:416,2
DA:420,12
DA:421,0
DA:423,12
DA:424,0
DA:428,12
DA:435,17
DA:436,0
DA:437,0
DA:439,0
DA:440,0
DA:443,17
DA:450,29
DA:451,28
DA:458,0
DA:461,0
DA:462,0
DA:471,0
DA:472,0
DA:473,0
DA:476,0
DA:477,0
DA:486,0
DA:487,0
DA:488,0
DA:491,0
DA:492,0
DA:500,0
DA:507,6
DA:521,6
DA:522,6
DA:523,0
DA:524,0
DA:529,0
DA:535,6
DA:536,6
DA:537,0
DA:538,0
DA:543,0
DA:545,0
DA:546,0
DA:551,0
DA:557,6
DA:558,0
DA:559,0
DA:561,0
DA:562,0
DA:567,0
DA:570,0
DA:571,0
DA:572,0
DA:574,0
DA:575,0
DA:580,0
DA:586,6
DA:587,6
DA:589,6
DA:596,0
DA:598,0
DA:599,0
DA:601,0
DA:602,0
DA:604,0
DA:605,0
DA:607,0
DA:614,0
DA:621,0
DA:622,0
DA:626,0
DA:627,0
DA:628,0
DA:629,0
DA:630,0
DA:631,0
DA:632,0
DA:636,0
DA:637,0
DA:638,0
DA:639,0
DA:640,0
DA:644,0
DA:651,1
DA:652,1
DA:655,1
DA:656,1
DA:657,1
DA:661,0
DA:667,0
DA:679,0
DA:687,0
DA:698,1
DA:699,1
DA:707,8
DA:708,8
DA:711,8
DA:712,8
DA:713,2
DA:717,6
DA:723,6
DA:724,6
DA:725,6
DA:726,6
DA:733,6
DA:737,26
DA:744,6
DA:752,6
DA:763,2
DA:764,2
LF:232
LH:105
BRDA:32,0,0,9
BRDA:32,0,1,6
BRDA:64,1,0,0
BRDA:64,1,1,0
BRDA:88,2,0,0
BRDA:88,2,1,0
BRDA:136,3,0,0
BRDA:136,3,1,0
BRDA:136,4,0,0
BRDA:136,4,1,0
BRDA:190,5,0,0
BRDA:190,5,1,17
BRDA:229,6,0,0
BRDA:229,6,1,6
BRDA:240,7,0,0
BRDA:240,7,1,6
BRDA:262,8,0,6
BRDA:262,8,1,0
BRDA:267,9,0,0
BRDA:267,9,1,0
BRDA:272,10,0,0
BRDA:272,10,1,0
BRDA:285,11,0,0
BRDA:285,11,1,0
BRDA:289,12,0,0
BRDA:289,12,1,0
BRDA:293,13,0,0
BRDA:293,13,1,0
BRDA:297,14,0,0
BRDA:297,14,1,0
BRDA:317,15,0,0
BRDA:317,15,1,0
BRDA:338,16,0,0
BRDA:338,16,1,0
BRDA:363,17,0,0
BRDA:363,17,1,0
BRDA:363,18,0,0
BRDA:363,18,1,0
BRDA:364,19,0,0
BRDA:364,19,1,0
BRDA:366,20,0,0
BRDA:366,20,1,0
BRDA:383,21,0,2
BRDA:383,21,1,27
BRDA:387,22,0,0
BRDA:387,22,1,27
BRDA:391,23,0,0
BRDA:391,23,1,27
BRDA:395,24,0,0
BRDA:395,24,1,27
BRDA:399,25,0,0
BRDA:399,25,1,27
BRDA:415,26,0,2
BRDA:415,26,1,12
BRDA:420,27,0,0
BRDA:420,27,1,12
BRDA:423,28,0,0
BRDA:423,28,1,12
BRDA:435,29,0,0
BRDA:435,29,1,17
BRDA:436,30,0,0
BRDA:436,30,1,0
BRDA:439,31,0,0
BRDA:439,31,1,0
BRDA:451,32,0,28
BRDA:451,32,1,0
BRDA:461,33,0,0
BRDA:461,33,1,0
BRDA:466,34,0,0
BRDA:466,34,1,0
BRDA:472,35,0,0
BRDA:472,35,1,0
BRDA:476,36,0,0
BRDA:476,36,1,0
BRDA:481,37,0,0
BRDA:481,37,1,0
BRDA:487,38,0,0
BRDA:487,38,1,0
BRDA:491,39,0,0
BRDA:491,39,1,0
BRDA:521,40,0,6
BRDA:521,40,1,0
BRDA:523,41,0,0
BRDA:523,41,1,0
BRDA:535,42,0,6
BRDA:535,42,1,0
BRDA:537,43,0,0
BRDA:537,43,1,0
BRDA:545,44,0,0
BRDA:545,44,1,0
BRDA:557,45,0,0
BRDA:557,45,1,6
BRDA:561,46,0,0
BRDA:561,46,1,0
BRDA:570,47,0,0
BRDA:570,47,1,0
BRDA:572,48,0,0
BRDA:572,48,1,0
BRDA:574,49,0,0
BRDA:574,49,1,0
BRDA:598,50,0,0
BRDA:598,50,1,0
BRDA:601,51,0,0
BRDA:601,51,1,0
BRDA:604,52,0,0
BRDA:604,52,1,0
BRDA:621,53,0,0
BRDA:621,53,1,0
BRDA:626,54,0,0
BRDA:626,54,1,0
BRDA:630,55,0,0
BRDA:630,55,1,0
BRDA:636,56,0,0
BRDA:636,56,1,0
BRDA:638,57,0,0
BRDA:638,57,1,0
BRDA:638,58,0,0
BRDA:638,58,1,0
BRDA:650,59,0,0
BRDA:656,60,0,1
BRDA:656,60,1,0
BRDA:706,61,0,8
BRDA:712,62,0,2
BRDA:712,62,1,6
BRDA:739,63,0,14
BRDA:739,63,1,12
BRF:126
BRH:27
end_of_record
TN:
SF:src\services\outlier-analysis.js
FN:7,analyzeOutliers
FN:27,(anonymous_1)
FN:41,(anonymous_2)
FN:55,(anonymous_3)
FN:56,(anonymous_4)
FN:79,(anonymous_5)
FN:119,extractTemporalOutliers
FN:125,(anonymous_7)
FN:126,(anonymous_8)
FN:153,extractCommunicationOutliers
FN:171,(anonymous_10)
FN:190,calculateOverallConfidence
FN:193,(anonymous_12)
FN:194,(anonymous_13)
FNF:14
FNH:8
FNDA:13,analyzeOutliers
FNDA:30,(anonymous_1)
FNDA:0,(anonymous_2)
FNDA:0,(anonymous_3)
FNDA:0,(anonymous_4)
FNDA:23,(anonymous_5)
FNDA:13,extractTemporalOutliers
FNDA:0,(anonymous_7)
FNDA:0,(anonymous_8)
FNDA:13,extractCommunicationOutliers
FNDA:0,(anonymous_10)
FNDA:13,calculateOverallConfidence
FNDA:30,(anonymous_12)
FNDA:30,(anonymous_13)
DA:8,13
DA:9,13
DA:10,13
DA:13,13
DA:17,13
DA:19,13
DA:20,13
DA:23,13
DA:26,13
DA:27,13
DA:28,30
DA:29,30
DA:40,13
DA:41,0
DA:42,0
DA:43,0
DA:54,13
DA:55,0
DA:56,0
DA:57,0
DA:67,13
DA:74,13
DA:75,13
DA:76,13
DA:79,13
DA:80,23
DA:81,23
DA:82,23
DA:85,13
DA:86,13
DA:111,0
DA:112,0
DA:120,13
DA:122,13
DA:124,0
DA:125,0
DA:126,0
DA:129,0
DA:130,0
DA:131,0
DA:133,0
DA:134,0
DA:147,13
DA:154,13
DA:156,13
DA:157,0
DA:160,0
DA:161,0
DA:170,0
DA:171,0
DA:172,0
DA:173,0
DA:184,13
DA:191,13
DA:193,30
DA:194,30
DA:197,13
DA:199,13
LF:58
LH:35
BRDA:7,0,0,1
BRDA:26,1,0,13
BRDA:26,1,1,0
BRDA:28,2,0,30
BRDA:28,2,1,0
BRDA:40,3,0,0
BRDA:40,3,1,13
BRDA:42,4,0,0
BRDA:42,4,1,0
BRDA:54,5,0,0
BRDA:54,5,1,13
BRDA:56,6,0,0
BRDA:56,6,1,0
BRDA:60,7,0,0
BRDA:60,7,1,0
BRDA:80,8,0,23
BRDA:80,8,1,23
BRDA:80,8,2,0
BRDA:81,9,0,23
BRDA:81,9,1,23
BRDA:81,9,2,0
BRDA:91,10,0,13
BRDA:91,10,1,13
BRDA:92,11,0,13
BRDA:92,11,1,13
BRDA:97,12,0,13
BRDA:97,12,1,0
BRDA:98,13,0,13
BRDA:98,13,1,0
BRDA:99,14,0,13
BRDA:99,14,1,0
BRDA:100,15,0,13
BRDA:100,15,1,0
BRDA:103,16,0,13
BRDA:103,16,1,13
BRDA:104,17,0,13
BRDA:104,17,1,13
BRDA:122,18,0,0
BRDA:122,18,1,13
BRDA:133,19,0,0
BRDA:133,19,1,0
BRDA:156,20,0,0
BRDA:156,20,1,13
BRDA:160,21,0,0
BRDA:160,21,1,0
BRDA:170,22,0,0
BRDA:170,22,1,0
BRDA:172,23,0,0
BRDA:172,23,1,0
BRDA:191,24,0,0
BRDA:191,24,1,13
BRDA:193,25,0,30
BRDA:193,25,1,30
BRDA:193,25,2,0
BRF:54
BRH:26
end_of_record
TN:
SF:src\services\storage.js
FNF:0
FNH:0
LF:0
LH:0
BRF:0
BRH:0
end_of_record
TN:
SF:src\utils\file-size-checker.js
FN:26,checkFileSize
FN:94,formatSizeCheckResult
FN:126,formatCategory
FN:129,(anonymous_3)
FN:136,formatTime
FNF:5
FNH:5
FNDA:57,checkFileSize
FNDA:27,formatSizeCheckResult
FNDA:23,formatCategory
FNDA:53,(anonymous_3)
FNDA:23,formatTime
DA:3,6
DA:6,6
DA:15,6
DA:28,57
DA:29,57
DA:30,0
DA:31,0
DA:34,57
DA:35,57
DA:36,57
DA:43,57
DA:44,5
DA:45,5
DA:54,52
DA:55,3
DA:56,3
DA:57,3
DA:58,49
DA:59,1
DA:60,1
DA:61,48
DA:62,7
DA:63,7
DA:65,41
DA:66,41
DA:69,57
DA:83,57
DA:84,57
DA:86,57
DA:88,57
DA:95,27
DA:98,27
DA:99,27
DA:102,27
DA:103,23
DA:104,23
DA:105,23
DA:106,23
DA:110,27
DA:111,2
DA:115,27
DA:116,4
DA:117,4
DA:120,27
DA:127,23
DA:129,53
DA:137,23
DA:138,23
DA:139,2
LF:49
LH:47
BRDA:28,0,0,0
BRDA:28,0,1,57
BRDA:29,1,0,0
BRDA:29,1,1,57
BRDA:43,2,0,5
BRDA:43,2,1,52
BRDA:54,3,0,3
BRDA:54,3,1,49
BRDA:58,4,0,1
BRDA:58,4,1,48
BRDA:61,5,0,7
BRDA:61,5,1,41
BRDA:83,6,0,3
BRDA:83,6,1,54
BRDA:84,7,0,5
BRDA:84,7,1,52
BRDA:102,8,0,23
BRDA:102,8,1,4
BRDA:110,9,0,2
BRDA:110,9,1,25
BRDA:115,10,0,4
BRDA:115,10,1,23
BRDA:137,11,0,0
BRDA:137,11,1,23
BRDA:138,12,0,21
BRDA:138,12,1,2
BRF:26
BRH:23
end_of_record
TN:
SF:src\utils\file-validator.js
FN:50,validateFile
FN:103,(anonymous_1)
FN:143,validateEncoding
FN:186,validateContent
FN:202,(anonymous_4)
FN:209,(anonymous_5)
FN:223,(anonymous_6)
FN:254,validateSecurity
FN:300,validateQuality
FN:365,validateFormat
FN:424,detectEncoding
FN:426,(anonymous_11)
FN:433,formatValidationResult
FN:439,(anonymous_13)
FN:445,(anonymous_14)
FNF:15
FNH:15
FNDA:43,validateFile
FNDA:30,(anonymous_1)
FNDA:43,validateEncoding
FNDA:43,validateContent
FNDA:190102,(anonymous_4)
FNDA:190102,(anonymous_5)
FNDA:11,(anonymous_6)
FNDA:43,validateSecurity
FNDA:43,validateQuality
FNDA:43,validateFormat
FNDA:43,detectEncoding
FNDA:39132252,(anonymous_11)
FNDA:14,formatValidationResult
FNDA:2,(anonymous_13)
FNDA:5,(anonymous_14)
DA:4,5
DA:7,5
DA:51,43
DA:52,43
DA:53,43
DA:66,43
DA:67,43
DA:68,43
DA:69,1
DA:70,1
DA:74,43
DA:75,43
DA:76,3
DA:77,3
DA:81,43
DA:82,43
DA:83,1
DA:84,0
DA:86,1
DA:87,1
DA:88,1
DA:93,43
DA:94,43
DA:95,3
DA:96,3
DA:100,43
DA:101,43
DA:102,18
DA:103,18
DA:104,30
DA:107,18
DA:108,12
DA:109,12
DA:114,43
DA:115,43
DA:116,2
DA:117,1
DA:119,2
DA:120,2
DA:121,2
DA:126,43
DA:132,43
DA:135,0
DA:136,0
DA:144,43
DA:146,43
DA:147,43
DA:148,43
DA:150,43
DA:151,39132285
DA:152,39132285
DA:153,39132285
DA:157,43
DA:158,43
DA:162,43
DA:165,43
DA:175,0
DA:176,0
DA:187,43
DA:188,43
DA:189,43
DA:190,43
DA:193,43
DA:194,0
DA:202,190102
DA:203,43
DA:204,9
DA:208,43
DA:209,43
DA:210,190102
DA:211,86370
DA:213,103732
DA:215,190102
DA:216,0
DA:221,43
DA:222,4
DA:223,11
DA:225,4
DA:226,1
DA:227,1
DA:235,42
DA:242,0
DA:243,0
DA:255,43
DA:257,43
DA:258,207
DA:259,2
DA:267,41
DA:268,41
DA:269,1
DA:276,40
DA:277,40
DA:278,0
DA:284,40
DA:289,0
DA:290,0
DA:301,43
DA:302,43
DA:303,43
DA:306,43
DA:307,43
DA:308,43
DA:309,2
DA:313,43
DA:314,43
DA:315,43
DA:316,43
DA:317,3
DA:321,43
DA:322,43
DA:323,43
DA:324,12
DA:325,12
DA:329,43
DA:330,43
DA:331,43
DA:332,43
DA:333,39132283
DA:334,37839218
DA:335,37839218
DA:337,1293065
DA:338,1293065
DA:341,43
DA:342,13
DA:345,43
DA:353,0
DA:354,0
DA:366,43
DA:367,43
DA:368,43
DA:371,43
DA:372,43
DA:373,1
DA:374,1
DA:378,43
DA:379,43
DA:380,43
DA:381,4032
DA:382,2016
DA:383,2016
DA:385,2016
DA:388,43
DA:389,1
DA:393,43
DA:394,3
DA:395,1
DA:396,1
DA:404,42
DA:412,0
DA:413,0
DA:426,39132252
DA:427,43
DA:434,14
DA:437,14
DA:438,2
DA:439,2
DA:443,14
DA:444,3
DA:445,5
DA:449,14
DA:450,14
DA:451,14
DA:453,14
DA:454,14
DA:455,14
DA:458,14
LF:166
LH:150
BRDA:50,0,0,27
BRDA:68,1,0,1
BRDA:68,1,1,42
BRDA:75,2,0,3
BRDA:75,2,1,40
BRDA:82,3,0,1
BRDA:82,3,1,42
BRDA:83,4,0,0
BRDA:83,4,1,1
BRDA:86,5,0,1
BRDA:86,5,1,0
BRDA:94,6,0,3
BRDA:94,6,1,40
BRDA:101,7,0,18
BRDA:101,7,1,25
BRDA:102,8,0,18
BRDA:102,8,1,0
BRDA:104,9,0,30
BRDA:104,9,1,0
BRDA:107,10,0,12
BRDA:107,10,1,6
BRDA:115,11,0,2
BRDA:115,11,1,41
BRDA:116,12,0,1
BRDA:116,12,1,1
BRDA:119,13,0,2
BRDA:119,13,1,0
BRDA:152,14,0,1003
BRDA:152,14,1,39131282
BRDA:153,15,0,38941203
BRDA:153,15,1,191082
BRDA:153,16,0,39132285
BRDA:153,16,1,38941203
BRDA:153,16,2,191090
BRDA:162,17,0,43
BRDA:162,17,1,40
BRDA:167,18,0,40
BRDA:167,18,1,3
BRDA:193,19,0,0
BRDA:193,19,1,43
BRDA:203,20,0,9
BRDA:203,20,1,34
BRDA:210,21,0,86370
BRDA:210,21,1,103732
BRDA:215,22,0,0
BRDA:215,22,1,190102
BRDA:221,23,0,4
BRDA:221,23,1,39
BRDA:221,24,0,43
BRDA:221,24,1,4
BRDA:225,25,0,1
BRDA:225,25,1,3
BRDA:258,26,0,2
BRDA:258,26,1,205
BRDA:267,27,0,41
BRDA:267,27,1,39
BRDA:268,28,0,1
BRDA:268,28,1,40
BRDA:277,29,0,0
BRDA:277,29,1,40
BRDA:277,30,0,40
BRDA:277,30,1,0
BRDA:308,31,0,2
BRDA:308,31,1,41
BRDA:316,32,0,3
BRDA:316,32,1,40
BRDA:321,33,0,43
BRDA:321,33,1,1
BRDA:323,34,0,12
BRDA:323,34,1,31
BRDA:333,35,0,37839218
BRDA:333,35,1,1293065
BRDA:341,36,0,13
BRDA:341,36,1,30
BRDA:349,37,0,12
BRDA:349,37,1,31
BRDA:371,38,0,43
BRDA:371,38,1,38
BRDA:372,39,0,1
BRDA:372,39,1,42
BRDA:381,40,0,2016
BRDA:381,40,1,2016
BRDA:388,41,0,1
BRDA:388,41,1,42
BRDA:393,42,0,3
BRDA:393,42,1,40
BRDA:394,43,0,1
BRDA:394,43,1,2
BRDA:408,44,0,1
BRDA:408,44,1,41
BRDA:427,45,0,2
BRDA:427,45,1,41
BRDA:437,46,0,2
BRDA:437,46,1,12
BRDA:443,47,0,3
BRDA:443,47,1,11
BRDA:450,48,0,14
BRDA:450,48,1,0
BRDA:453,49,0,14
BRDA:453,49,1,0
BRF:100
BRH:89
end_of_record
TN:
SF:src\utils\logging.js
FN:8,getLogger
FN:10,(anonymous_1)
FN:13,(anonymous_2)
FN:16,(anonymous_3)
FN:19,(anonymous_4)
FN:28,logError
FN:39,setupLogging
FN:56,trackError
FNF:8
FNH:6
FNDA:42,getLogger
FNDA:174,(anonymous_1)
FNDA:97,(anonymous_2)
FNDA:2,(anonymous_3)
FNDA:8,(anonymous_4)
FNDA:0,logError
FNDA:1,setupLogging
FNDA:0,trackError
DA:9,42
DA:11,174
DA:14,97
DA:17,2
DA:20,8
DA:29,0
DA:40,1
DA:47,1
DA:57,0
DA:65,0
DA:66,0
LF:11
LH:7
BRDA:10,0,0,83
BRDA:13,1,0,0
BRDA:16,2,0,0
BRDA:19,3,0,0
BRDA:28,4,0,0
BRDA:39,5,0,1
BRDA:41,6,0,1
BRDA:41,6,1,1
BRDA:42,7,0,1
BRDA:42,7,1,1
BRDA:56,8,0,0
BRF:11
BRH:6
end_of_record
TN:
SF:src\utils\mcp.js
FN:8,use_mcp_tool
FN:36,mockToolResult
FN:52,mockChatsumResult
FN:93,mockSequentialThinkingResult
FN:144,mockDeepseekResult
FNF:5
FNH:4
FNDA:129,use_mcp_tool
FNDA:129,mockToolResult
FNDA:70,mockChatsumResult
FNDA:0,mockSequentialThinkingResult
FNDA:59,mockDeepseekResult
DA:9,129
DA:10,129
DA:11,129
DA:14,129
DA:24,127
DA:25,127
DA:28,2
DA:29,2
DA:37,129
DA:39,70
DA:41,0
DA:43,59
DA:45,0
DA:53,70
DA:55,69
DA:79,1
DA:86,0
DA:94,0
DA:96,0
DA:116,0
DA:137,0
DA:145,59
DA:147,0
DA:219,0
DA:256,57
DA:283,2
LF:26
LH:17
BRDA:37,0,0,70
BRDA:37,0,1,0
BRDA:37,0,2,59
BRDA:37,0,3,0
BRDA:53,1,0,69
BRDA:53,1,1,1
BRDA:53,1,2,0
BRDA:94,2,0,0
BRDA:94,2,1,0
BRDA:94,2,2,0
BRDA:145,3,0,0
BRDA:145,3,1,0
BRDA:145,3,2,57
BRDA:145,3,3,2
BRDA:257,4,0,57
BRDA:257,4,1,0
BRDA:258,5,0,57
BRDA:258,5,1,0
BRDA:259,6,0,57
BRDA:259,6,1,0
BRDA:260,7,0,57
BRDA:260,7,1,0
BRDA:276,8,0,57
BRDA:276,8,1,0
BRF:24
BRH:11
end_of_record
